2022-03-29 15:31:07-log: [Package] menu@1.0.0 enable
2022-03-29 15:31:07-log: [Package] profile@1.0.0 enable
2022-03-29 15:31:07-log: [Package] project@1.0.1 enable
2022-03-29 15:31:07-log: [Package] messages@1.0.0 enable
2022-03-29 15:31:07-log: [Package] program@1.0.0 enable
2022-03-29 15:31:07-log: [Package] device@1.0.1 enable
2022-03-29 15:31:07-log: [Package] ui-kit@1.0.1 enable
2022-03-29 15:31:07-log: [Package] tester@1.0.0 enable
2022-03-29 15:31:07-log: [Package] preferences@1.0.0 enable
2022-03-29 15:31:08-log: Setup mods mgr.: 292.373ms
2022-03-29 15:31:08-log: [Package] engine@1.0.5 enable
2022-03-29 15:31:10-log: [Package] programming@1.0.0 enable
2022-03-29 15:31:11-log: [Package] engine-extends@1.0.0 enable
2022-03-29 15:31:11-log: [Package] asset-db@1.0.0 enable
2022-03-29 15:31:11-log: [Package] console@1.0.0 enable
2022-03-29 15:31:11-log: [Package] scene@1.0.0 enable
2022-03-29 15:31:11-log: [Package] about@1.0.0 enable
2022-03-29 15:31:11-log: [Package] server@1.0.0 enable
2022-03-29 15:31:11-log: [Package] utils@1.0.0 enable
2022-03-29 15:31:11-log: [Package] assets@1.0.0 enable
2022-03-29 15:31:11-log: [Package] inspector@1.0.0 enable
2022-03-29 15:31:11-log: [Package] hierarchy@1.0.0 enable
2022-03-29 15:31:13-log: [Package] preview@1.0.1 enable
2022-03-29 15:31:13-log: [Package] animator@1.0.0 enable
2022-03-29 15:31:14-log: [Package] builder@1.3.0 enable
2022-03-29 15:31:14-log: [Package] node-library@1.0.0 enable
2022-03-29 15:31:14-log: [Package] shortcuts@1.0.1 enable
2022-03-29 15:31:14-log: [Package] package-asset@1.0.0 enable
2022-03-29 15:31:14-log: [Package] reference-image@1.0.0 enable
2022-03-29 15:31:14-log: [Package] animation-graph@1.0.0 enable
2022-03-29 15:31:14-log: [Package] channel-upload-tools@1.0.0 enable
2022-03-29 15:31:14-log: [Package] runtime-dev-tools@1.0.0 enable
2022-03-29 15:31:14-log: [Package] lightmap@1.0.4 enable
2022-03-29 15:31:14-log: [Package] alipay-mini-game@1.0.0 enable
2022-03-29 15:31:14-log: [Package] android@1.0.0 enable
2022-03-29 15:31:14-log: [Package] baidu-mini-game@1.0.0 enable
2022-03-29 15:31:14-log: [Package] bytedance-mini-game@1.0.1 enable
2022-03-29 15:31:14-log: [Package] huawei-agc@1.0.0 enable
2022-03-29 15:31:14-log: [Package] ios@1.0.0 enable
2022-03-29 15:31:14-log: [Package] ios-app-clip@1.0.0 enable
2022-03-29 15:31:14-log: [Package] mac@1.0.0 enable
2022-03-29 15:31:14-log: [Package] native@1.0.0 enable
2022-03-29 15:31:15-log: [Package] ohos@1.0.0 enable
2022-03-29 15:31:15-log: [Package] web-desktop@1.0.0 enable
2022-03-29 15:31:15-log: [Package] web-mobile@1.0.0 enable
2022-03-29 15:31:15-log: [Package] wechatgame@1.0.1 enable
2022-03-29 15:31:15-log: [Package] windows@1.0.0 enable
2022-03-29 15:31:15-log: [Package] xiaomi-quick-game@1.0.0 enable
2022-03-29 15:31:15-log: [Package] cocos-play@1.0.0 enable
2022-03-29 15:31:15-log: [Package] huawei-quick-game@1.0.0 enable
2022-03-29 15:31:15-log: [Package] link-sure@1.0.0 enable
2022-03-29 15:31:15-log: [Package] oppo-mini-game@1.0.0 enable
2022-03-29 15:31:15-log: [Package] qtt@1.0.0 enable
2022-03-29 15:31:15-log: [Package] vivo-mini-game@1.0.0 enable
2022-03-29 15:31:15-log: [Package] cocos-service@3.0.2 enable
2022-03-29 15:31:15-log: [Package] importer@1.0.0 enable
2022-03-29 15:31:15-log: [Package] extension@3.0.15 enable
2022-03-29 15:31:16-log: [Im-plugin] Check im-plugin version.
2022-03-29 15:31:16-log: [Package] im-plugin@3.0.8 enable
2022-03-29 15:31:16-warn: Browserslist: caniuse-lite is outdated. Please run:
npx browserslist@latest --update-db

Why you should do it regularly:
https://github.com/browserslist/browserslist#browsers-data-updating
2022-03-29 15:31:16-log: [Scene] begin init
2022-03-29 15:31:16-log: [Scene] require engine end
2022-03-29 15:31:16-log: [Scene] Serialize end
2022-03-29 15:31:16-log: [Scene] configureStartup end
2022-03-29 15:31:16-log: [Scene] Cocos Creator v3.4.1
2022-03-29 15:31:16-info: [Scene] Forward render pipeline initialized.
2022-03-29 15:31:16-log: [Scene] openEngine end
2022-03-29 15:31:16-log: [Scene] configureEngine end
2022-03-29 15:31:17-log: [Im-plugin] No online info of im-plugin.
